Lorem ipsum error error dolor sit amet, consectetur adipiscing elit. Nulla scelerisque pulvinar pulvinar.
Morbi facilisis ERROR volutpat elit at laoreet. Nullam id ligula vel erat auctor pulvinar.
Aenean pulvinar purus eget laoreet dignissim. Quisque egestas, nisl at tristique molestie,
dolor magna vulputate velit, eu imperdiet ante diam iaculis felis.
Nunc bibendum euismod vehicula. Nam eget nibh leo. Sed aliquam velit eget neque feugiat, id aliquet nisl rutrum.
Fusce ut aliquam ligula. Fusce ut mi ac est tristique aliquet. Phasellus tristique lacus a tristique lacinia.
Aliquam mi urna, porttitor nec mauris sit amet, finibus mattis nunc. Nam accumsan sapien et arcu interdum,
non sagittis magna pretium. Curabitur id dapibus risus. Integer placerat scelerisque pulvinar.
Aliquam et magna erat. Mauris accumsan cursus tristique. Sed tincidunt tortor ac ultricies volutpat.
Donec at varius nisl, ac fermentum sapien. Suspendisse potenti. Pellentesque tincidunt semper enim,
nec egestas lectus eleifend eu. Vivamus tincidunt auctor magna, ac dapibus tortor varius sit amet.
Integer vitae tellus id est porta blandit. Vestibulum facilisis varius risus, et lacinia ex efficitur a.
Nulla non convallis libero, a vehicula arcu. Donec maximus tortor et lectus dignissim pellentesque.
Etiam eu magna enim. Integer nisi velit, aliquam ut ultrices non, lacinia sed enim.
Donec eu ligula elementum, consequat tortor suscipit, tincidunt mi.
Phasellus suscipit tincidunt nibh non tristique. Nam eleifend justo in faucibus molestie.
Quisque libero leo, fringilla et nisl a, tempus sollicitudin diam. Aenean interdum mollis nisi in varius.
Aenean eget interdum ipsum. Donec porta, diam ac placerat porta,
lacus nisi faucibus metus, ut porta nibh mauris sed dolor. Sed posuere quam sed ornare pulvinar.
Aliquam non enim ut nibh efficitur facilisis. Donec ullamcorper, sapien ut commodo lobortis,
arcu erat tincidunt urna, in scelerisque sapien neque non tellus. Suspendisse in sapien ac nibh blandit condimentum.
Ut libero erat, egestas eget porta vitae, porttitor convallis urna. Suspendisse viverra bibendum lorem.
In ultricies velit at nisi tristique, sit amet scelerisque nulla tincidunt. Sed efficitur,
magna sit amet ultricies pretium, lacus ante euismod libero, vitae varius nunc massa bibendum ipsum.
Duis nibh leo, faucibus at dapibus eu, dapibus in purus. Donec non sodales augue. Sed aliquam luctus accumsan.
Maecenas et auctor magna, vel tincidunt nunc. Suspendisse ut lectus tincidunt, pharetra purus sit amet,
laoreet tortor. Nullam est nunc, fermentum at leo quis, blandit vehicula orci. Fusce sit amet dictum libero.
Morbi sodales aliquet diam, at porta mauris sollicitudin sed. Curabitur sed imperdiet odio.
Nulla ligula lorem, efficitur quis lacinia ut, suscipit nec augue. Aliquam porta massa felis,
vitae tincidunt nisl laoreet eget. Suspendisse turpis mauris, semper non condimentum non, egestas a urna.
Praesent luctus ex vestibulum neque laoreet, vel accumsan nibh ultricies. Fusce semper,
nulla quis dignissim fringilla, diam diam posuere lacus, non aliquam velit augue sit amet sem.
Phasellus a magna non arcu efficitur mollis. Mauris cursus pulvinar ex, a pulvinar neque eleifend quis.
Aenean congue nisi in tortor vehicula vestibulum. Aenean blandit, nulla non cursus euismod,
nulla est consequat ante, a tincidunt ex lorem vitae felis. Donec lobortis odio leo,
ut tempus dui lobortis sed. Proin non pellentesque sem, a posuere ex.